<?xml version="1.0" encoding="UTF-8"?>
<testsuite xmlns:xsi="http://www.w3.org/2001/XMLSchema-instance" xsi:noNamespaceSchemaLocation="https://maven.apache.org/surefire/maven-surefire-plugin/xsd/surefire-test-report-3.0.xsd" version="3.0" name="com.springboot.todolistbasic.todolist_basic.TodolistBasicApplicationTests" time="2.288" tests="1" errors="0" skipped="0" failures="0">
  <properties>
    <property name="java.specification.version" value="21"/>
    <property name="sun.cpu.isalist" value="amd64"/>
    <property name="sun.jnu.encoding" value="Cp1252"/>
    <property name="java.class.path" value="c:\Users\sabin\Documents\Programacion\Java\spring\todolist-basic\target\test-classes;c:\Users\sabin\Documents\Programacion\Java\spring\todolist-basic\target\classes;C:\Users\sabin\.m2\repository-egl\org\springframework\boot\spring-boot-starter-web\3.3.5\spring-boot-starter-web-3.3.5.jar;C:\Users\sabin\.m2\repository-egl\org\springframework\boot\spring-boot-starter\3.3.5\spring-boot-starter-3.3.5.jar;C:\Users\sabin\.m2\repository-egl\org\springframework\boot\spring-boot-starter-logging\3.3.5\spring-boot-starter-logging-3.3.5.jar;C:\Users\sabin\.m2\repository-egl\ch\qos\logback\logback-classic\1.5.11\logback-classic-1.5.11.jar;C:\Users\sabin\.m2\repository-egl\ch\qos\logback\logback-core\1.5.11\logback-core-1.5.11.jar;C:\Users\sabin\.m2\repository-egl\org\apache\logging\log4j\log4j-to-slf4j\2.23.1\log4j-to-slf4j-2.23.1.jar;C:\Users\sabin\.m2\repository-egl\org\apache\logging\log4j\log4j-api\2.23.1\log4j-api-2.23.1.jar;C:\Users\sabin\.m2\repository-egl\org\slf4j\jul-to-slf4j\2.0.16\jul-to-slf4j-2.0.16.jar;C:\Users\sabin\.m2\repository-egl\jakarta\annotation\jakarta.annotation-api\2.1.1\jakarta.annotation-api-2.1.1.jar;C:\Users\sabin\.m2\repository-egl\org\yaml\snakeyaml\2.2\snakeyaml-2.2.jar;C:\Users\sabin\.m2\repository-egl\org\springframework\boot\spring-boot-starter-json\3.3.5\spring-boot-starter-json-3.3.5.jar;C:\Users\sabin\.m2\repository-egl\com\fasterxml\jackson\core\jackson-databind\2.17.2\jackson-databind-2.17.2.jar;C:\Users\sabin\.m2\repository-egl\com\fasterxml\jackson\core\jackson-annotations\2.17.2\jackson-annotations-2.17.2.jar;C:\Users\sabin\.m2\repository-egl\com\fasterxml\jackson\core\jackson-core\2.17.2\jackson-core-2.17.2.jar;C:\Users\sabin\.m2\repository-egl\com\fasterxml\jackson\datatype\jackson-datatype-jdk8\2.17.2\jackson-datatype-jdk8-2.17.2.jar;C:\Users\sabin\.m2\repository-egl\com\fasterxml\jackson\datatype\jackson-datatype-jsr310\2.17.2\jackson-datatype-jsr310-2.17.2.jar;C:\Users\sabin\.m2\repository-egl\com\fasterxml\jackson\module\jackson-module-parameter-names\2.17.2\jackson-module-parameter-names-2.17.2.jar;C:\Users\sabin\.m2\repository-egl\org\springframework\boot\spring-boot-starter-tomcat\3.3.5\spring-boot-starter-tomcat-3.3.5.jar;C:\Users\sabin\.m2\repository-egl\org\apache\tomcat\embed\tomcat-embed-core\10.1.31\tomcat-embed-core-10.1.31.jar;C:\Users\sabin\.m2\repository-egl\org\apache\tomcat\embed\tomcat-embed-el\10.1.31\tomcat-embed-el-10.1.31.jar;C:\Users\sabin\.m2\repository-egl\org\apache\tomcat\embed\tomcat-embed-websocket\10.1.31\tomcat-embed-websocket-10.1.31.jar;C:\Users\sabin\.m2\repository-egl\org\springframework\spring-web\6.1.14\spring-web-6.1.14.jar;C:\Users\sabin\.m2\repository-egl\org\springframework\spring-beans\6.1.14\spring-beans-6.1.14.jar;C:\Users\sabin\.m2\repository-egl\io\micrometer\micrometer-observation\1.13.6\micrometer-observation-1.13.6.jar;C:\Users\sabin\.m2\repository-egl\io\micrometer\micrometer-commons\1.13.6\micrometer-commons-1.13.6.jar;C:\Users\sabin\.m2\repository-egl\org\springframework\spring-webmvc\6.1.14\spring-webmvc-6.1.14.jar;C:\Users\sabin\.m2\repository-egl\org\springframework\spring-aop\6.1.14\spring-aop-6.1.14.jar;C:\Users\sabin\.m2\repository-egl\org\springframework\spring-context\6.1.14\spring-context-6.1.14.jar;C:\Users\sabin\.m2\repository-egl\org\springframework\spring-expression\6.1.14\spring-expression-6.1.14.jar;C:\Users\sabin\.m2\repository-egl\org\springframework\boot\spring-boot-devtools\3.3.5\spring-boot-devtools-3.3.5.jar;C:\Users\sabin\.m2\repository-egl\org\springframework\boot\spring-boot\3.3.5\spring-boot-3.3.5.jar;C:\Users\sabin\.m2\repository-egl\org\springframework\boot\spring-boot-autoconfigure\3.3.5\spring-boot-autoconfigure-3.3.5.jar;C:\Users\sabin\.m2\repository-egl\org\springframework\boot\spring-boot-starter-test\3.3.5\spring-boot-starter-test-3.3.5.jar;C:\Users\sabin\.m2\repository-egl\org\springframework\boot\spring-boot-test\3.3.5\spring-boot-test-3.3.5.jar;C:\Users\sabin\.m2\repository-egl\org\springframework\boot\spring-boot-test-autoconfigure\3.3.5\spring-boot-test-autoconfigure-3.3.5.jar;C:\Users\sabin\.m2\repository-egl\com\jayway\jsonpath\json-path\2.9.0\json-path-2.9.0.jar;C:\Users\sabin\.m2\repository-egl\org\slf4j\slf4j-api\2.0.16\slf4j-api-2.0.16.jar;C:\Users\sabin\.m2\repository-egl\jakarta\xml\bind\jakarta.xml.bind-api\4.0.2\jakarta.xml.bind-api-4.0.2.jar;C:\Users\sabin\.m2\repository-egl\jakarta\activation\jakarta.activation-api\2.1.3\jakarta.activation-api-2.1.3.jar;C:\Users\sabin\.m2\repository-egl\net\minidev\json-smart\2.5.1\json-smart-2.5.1.jar;C:\Users\sabin\.m2\repository-egl\net\minidev\accessors-smart\2.5.1\accessors-smart-2.5.1.jar;C:\Users\sabin\.m2\repository-egl\org\ow2\asm\asm\9.6\asm-9.6.jar;C:\Users\sabin\.m2\repository-egl\org\assertj\assertj-core\3.25.3\assertj-core-3.25.3.jar;C:\Users\sabin\.m2\repository-egl\net\bytebuddy\byte-buddy\1.14.19\byte-buddy-1.14.19.jar;C:\Users\sabin\.m2\repository-egl\org\awaitility\awaitility\4.2.2\awaitility-4.2.2.jar;C:\Users\sabin\.m2\repository-egl\org\hamcrest\hamcrest\2.2\hamcrest-2.2.jar;C:\Users\sabin\.m2\repository-egl\org\junit\jupiter\junit-jupiter\5.10.5\junit-jupiter-5.10.5.jar;C:\Users\sabin\.m2\repository-egl\org\junit\jupiter\junit-jupiter-api\5.10.5\junit-jupiter-api-5.10.5.jar;C:\Users\sabin\.m2\repository-egl\org\opentest4j\opentest4j\1.3.0\opentest4j-1.3.0.jar;C:\Users\sabin\.m2\repository-egl\org\junit\platform\junit-platform-commons\1.10.5\junit-platform-commons-1.10.5.jar;C:\Users\sabin\.m2\repository-egl\org\apiguardian\apiguardian-api\1.1.2\apiguardian-api-1.1.2.jar;C:\Users\sabin\.m2\repository-egl\org\junit\jupiter\junit-jupiter-params\5.10.5\junit-jupiter-params-5.10.5.jar;C:\Users\sabin\.m2\repository-egl\org\junit\jupiter\junit-jupiter-engine\5.10.5\junit-jupiter-engine-5.10.5.jar;C:\Users\sabin\.m2\repository-egl\org\junit\platform\junit-platform-engine\1.10.5\junit-platform-engine-1.10.5.jar;C:\Users\sabin\.m2\repository-egl\org\mockito\mockito-core\5.11.0\mockito-core-5.11.0.jar;C:\Users\sabin\.m2\repository-egl\net\bytebuddy\byte-buddy-agent\1.14.19\byte-buddy-agent-1.14.19.jar;C:\Users\sabin\.m2\repository-egl\org\objenesis\objenesis\3.3\objenesis-3.3.jar;C:\Users\sabin\.m2\repository-egl\org\mockito\mockito-junit-jupiter\5.11.0\mockito-junit-jupiter-5.11.0.jar;C:\Users\sabin\.m2\repository-egl\org\skyscreamer\jsonassert\1.5.3\jsonassert-1.5.3.jar;C:\Users\sabin\.m2\repository-egl\com\vaadin\external\google\android-json\0.0.20131108.vaadin1\android-json-0.0.20131108.vaadin1.jar;C:\Users\sabin\.m2\repository-egl\org\springframework\spring-core\6.1.14\spring-core-6.1.14.jar;C:\Users\sabin\.m2\repository-egl\org\springframework\spring-jcl\6.1.14\spring-jcl-6.1.14.jar;C:\Users\sabin\.m2\repository-egl\org\springframework\spring-test\6.1.14\spring-test-6.1.14.jar;C:\Users\sabin\.m2\repository-egl\org\xmlunit\xmlunit-core\2.9.1\xmlunit-core-2.9.1.jar;"/>
    <property name="java.vm.vendor" value="Eclipse Adoptium"/>
    <property name="sun.arch.data.model" value="64"/>
    <property name="user.variant" value=""/>
    <property name="java.vendor.url" value="https://adoptium.net/"/>
    <property name="user.timezone" value="America/Mexico_City"/>
    <property name="os.name" value="Windows 11"/>
    <property name="java.vm.specification.version" value="21"/>
    <property name="sun.java.launcher" value="SUN_STANDARD"/>
    <property name="user.country" value="MX"/>
    <property name="sun.boot.library.path" value="C:\Program Files\Eclipse Adoptium\jdk-21.0.5.11-hotspot\bin"/>
    <property name="sun.java.command" value="C:\Users\sabin\AppData\Local\Temp\surefire10174749793758380966\surefirebooter-20241117213057592_3.jar C:\Users\sabin\AppData\Local\Temp\surefire10174749793758380966 2024-11-17T21-30-56_359-jvmRun1 surefire-20241117213057592_1tmp surefire_0-20241117213057592_2tmp"/>
    <property name="jdk.debug" value="release"/>
    <property name="surefire.test.class.path" value="c:\Users\sabin\Documents\Programacion\Java\spring\todolist-basic\target\test-classes;c:\Users\sabin\Documents\Programacion\Java\spring\todolist-basic\target\classes;C:\Users\sabin\.m2\repository-egl\org\springframework\boot\spring-boot-starter-web\3.3.5\spring-boot-starter-web-3.3.5.jar;C:\Users\sabin\.m2\repository-egl\org\springframework\boot\spring-boot-starter\3.3.5\spring-boot-starter-3.3.5.jar;C:\Users\sabin\.m2\repository-egl\org\springframework\boot\spring-boot-starter-logging\3.3.5\spring-boot-starter-logging-3.3.5.jar;C:\Users\sabin\.m2\repository-egl\ch\qos\logback\logback-classic\1.5.11\logback-classic-1.5.11.jar;C:\Users\sabin\.m2\repository-egl\ch\qos\logback\logback-core\1.5.11\logback-core-1.5.11.jar;C:\Users\sabin\.m2\repository-egl\org\apache\logging\log4j\log4j-to-slf4j\2.23.1\log4j-to-slf4j-2.23.1.jar;C:\Users\sabin\.m2\repository-egl\org\apache\logging\log4j\log4j-api\2.23.1\log4j-api-2.23.1.jar;C:\Users\sabin\.m2\repository-egl\org\slf4j\jul-to-slf4j\2.0.16\jul-to-slf4j-2.0.16.jar;C:\Users\sabin\.m2\repository-egl\jakarta\annotation\jakarta.annotation-api\2.1.1\jakarta.annotation-api-2.1.1.jar;C:\Users\sabin\.m2\repository-egl\org\yaml\snakeyaml\2.2\snakeyaml-2.2.jar;C:\Users\sabin\.m2\repository-egl\org\springframework\boot\spring-boot-starter-json\3.3.5\spring-boot-starter-json-3.3.5.jar;C:\Users\sabin\.m2\repository-egl\com\fasterxml\jackson\core\jackson-databind\2.17.2\jackson-databind-2.17.2.jar;C:\Users\sabin\.m2\repository-egl\com\fasterxml\jackson\core\jackson-annotations\2.17.2\jackson-annotations-2.17.2.jar;C:\Users\sabin\.m2\repository-egl\com\fasterxml\jackson\core\jackson-core\2.17.2\jackson-core-2.17.2.jar;C:\Users\sabin\.m2\repository-egl\com\fasterxml\jackson\datatype\jackson-datatype-jdk8\2.17.2\jackson-datatype-jdk8-2.17.2.jar;C:\Users\sabin\.m2\repository-egl\com\fasterxml\jackson\datatype\jackson-datatype-jsr310\2.17.2\jackson-datatype-jsr310-2.17.2.jar;C:\Users\sabin\.m2\repository-egl\com\fasterxml\jackson\module\jackson-module-parameter-names\2.17.2\jackson-module-parameter-names-2.17.2.jar;C:\Users\sabin\.m2\repository-egl\org\springframework\boot\spring-boot-starter-tomcat\3.3.5\spring-boot-starter-tomcat-3.3.5.jar;C:\Users\sabin\.m2\repository-egl\org\apache\tomcat\embed\tomcat-embed-core\10.1.31\tomcat-embed-core-10.1.31.jar;C:\Users\sabin\.m2\repository-egl\org\apache\tomcat\embed\tomcat-embed-el\10.1.31\tomcat-embed-el-10.1.31.jar;C:\Users\sabin\.m2\repository-egl\org\apache\tomcat\embed\tomcat-embed-websocket\10.1.31\tomcat-embed-websocket-10.1.31.jar;C:\Users\sabin\.m2\repository-egl\org\springframework\spring-web\6.1.14\spring-web-6.1.14.jar;C:\Users\sabin\.m2\repository-egl\org\springframework\spring-beans\6.1.14\spring-beans-6.1.14.jar;C:\Users\sabin\.m2\repository-egl\io\micrometer\micrometer-observation\1.13.6\micrometer-observation-1.13.6.jar;C:\Users\sabin\.m2\repository-egl\io\micrometer\micrometer-commons\1.13.6\micrometer-commons-1.13.6.jar;C:\Users\sabin\.m2\repository-egl\org\springframework\spring-webmvc\6.1.14\spring-webmvc-6.1.14.jar;C:\Users\sabin\.m2\repository-egl\org\springframework\spring-aop\6.1.14\spring-aop-6.1.14.jar;C:\Users\sabin\.m2\repository-egl\org\springframework\spring-context\6.1.14\spring-context-6.1.14.jar;C:\Users\sabin\.m2\repository-egl\org\springframework\spring-expression\6.1.14\spring-expression-6.1.14.jar;C:\Users\sabin\.m2\repository-egl\org\springframework\boot\spring-boot-devtools\3.3.5\spring-boot-devtools-3.3.5.jar;C:\Users\sabin\.m2\repository-egl\org\springframework\boot\spring-boot\3.3.5\spring-boot-3.3.5.jar;C:\Users\sabin\.m2\repository-egl\org\springframework\boot\spring-boot-autoconfigure\3.3.5\spring-boot-autoconfigure-3.3.5.jar;C:\Users\sabin\.m2\repository-egl\org\springframework\boot\spring-boot-starter-test\3.3.5\spring-boot-starter-test-3.3.5.jar;C:\Users\sabin\.m2\repository-egl\org\springframework\boot\spring-boot-test\3.3.5\spring-boot-test-3.3.5.jar;C:\Users\sabin\.m2\repository-egl\org\springframework\boot\spring-boot-test-autoconfigure\3.3.5\spring-boot-test-autoconfigure-3.3.5.jar;C:\Users\sabin\.m2\repository-egl\com\jayway\jsonpath\json-path\2.9.0\json-path-2.9.0.jar;C:\Users\sabin\.m2\repository-egl\org\slf4j\slf4j-api\2.0.16\slf4j-api-2.0.16.jar;C:\Users\sabin\.m2\repository-egl\jakarta\xml\bind\jakarta.xml.bind-api\4.0.2\jakarta.xml.bind-api-4.0.2.jar;C:\Users\sabin\.m2\repository-egl\jakarta\activation\jakarta.activation-api\2.1.3\jakarta.activation-api-2.1.3.jar;C:\Users\sabin\.m2\repository-egl\net\minidev\json-smart\2.5.1\json-smart-2.5.1.jar;C:\Users\sabin\.m2\repository-egl\net\minidev\accessors-smart\2.5.1\accessors-smart-2.5.1.jar;C:\Users\sabin\.m2\repository-egl\org\ow2\asm\asm\9.6\asm-9.6.jar;C:\Users\sabin\.m2\repository-egl\org\assertj\assertj-core\3.25.3\assertj-core-3.25.3.jar;C:\Users\sabin\.m2\repository-egl\net\bytebuddy\byte-buddy\1.14.19\byte-buddy-1.14.19.jar;C:\Users\sabin\.m2\repository-egl\org\awaitility\awaitility\4.2.2\awaitility-4.2.2.jar;C:\Users\sabin\.m2\repository-egl\org\hamcrest\hamcrest\2.2\hamcrest-2.2.jar;C:\Users\sabin\.m2\repository-egl\org\junit\jupiter\junit-jupiter\5.10.5\junit-jupiter-5.10.5.jar;C:\Users\sabin\.m2\repository-egl\org\junit\jupiter\junit-jupiter-api\5.10.5\junit-jupiter-api-5.10.5.jar;C:\Users\sabin\.m2\repository-egl\org\opentest4j\opentest4j\1.3.0\opentest4j-1.3.0.jar;C:\Users\sabin\.m2\repository-egl\org\junit\platform\junit-platform-commons\1.10.5\junit-platform-commons-1.10.5.jar;C:\Users\sabin\.m2\repository-egl\org\apiguardian\apiguardian-api\1.1.2\apiguardian-api-1.1.2.jar;C:\Users\sabin\.m2\repository-egl\org\junit\jupiter\junit-jupiter-params\5.10.5\junit-jupiter-params-5.10.5.jar;C:\Users\sabin\.m2\repository-egl\org\junit\jupiter\junit-jupiter-engine\5.10.5\junit-jupiter-engine-5.10.5.jar;C:\Users\sabin\.m2\repository-egl\org\junit\platform\junit-platform-engine\1.10.5\junit-platform-engine-1.10.5.jar;C:\Users\sabin\.m2\repository-egl\org\mockito\mockito-core\5.11.0\mockito-core-5.11.0.jar;C:\Users\sabin\.m2\repository-egl\net\bytebuddy\byte-buddy-agent\1.14.19\byte-buddy-agent-1.14.19.jar;C:\Users\sabin\.m2\repository-egl\org\objenesis\objenesis\3.3\objenesis-3.3.jar;C:\Users\sabin\.m2\repository-egl\org\mockito\mockito-junit-jupiter\5.11.0\mockito-junit-jupiter-5.11.0.jar;C:\Users\sabin\.m2\repository-egl\org\skyscreamer\jsonassert\1.5.3\jsonassert-1.5.3.jar;C:\Users\sabin\.m2\repository-egl\com\vaadin\external\google\android-json\0.0.20131108.vaadin1\android-json-0.0.20131108.vaadin1.jar;C:\Users\sabin\.m2\repository-egl\org\springframework\spring-core\6.1.14\spring-core-6.1.14.jar;C:\Users\sabin\.m2\repository-egl\org\springframework\spring-jcl\6.1.14\spring-jcl-6.1.14.jar;C:\Users\sabin\.m2\repository-egl\org\springframework\spring-test\6.1.14\spring-test-6.1.14.jar;C:\Users\sabin\.m2\repository-egl\org\xmlunit\xmlunit-core\2.9.1\xmlunit-core-2.9.1.jar;"/>
    <property name="sun.cpu.endian" value="little"/>
    <property name="user.home" value="C:\Users\sabin"/>
    <property name="user.language" value="es"/>
    <property name="java.specification.vendor" value="Oracle Corporation"/>
    <property name="java.version.date" value="2024-10-15"/>
    <property name="java.home" value="C:\Program Files\Eclipse Adoptium\jdk-21.0.5.11-hotspot"/>
    <property name="file.separator" value="\"/>
    <property name="basedir" value="c:\Users\sabin\Documents\Programacion\Java\spring\todolist-basic"/>
    <property name="java.vm.compressedOopsMode" value="Zero based"/>
    <property name="line.separator" value="&#10;"/>
    <property name="java.vm.specification.vendor" value="Oracle Corporation"/>
    <property name="java.specification.name" value="Java Platform API Specification"/>
    <property name="FILE_LOG_CHARSET" value="UTF-8"/>
    <property name="java.awt.headless" value="true"/>
    <property name="surefire.real.class.path" value="C:\Users\sabin\AppData\Local\Temp\surefire10174749793758380966\surefirebooter-20241117213057592_3.jar"/>
    <property name="user.script" value=""/>
    <property name="sun.management.compiler" value="HotSpot 64-Bit Tiered Compilers"/>
    <property name="java.runtime.version" value="21.0.5+11-LTS"/>
    <property name="user.name" value="sabin"/>
    <property name="stdout.encoding" value="Cp1252"/>
    <property name="path.separator" value=";"/>
    <property name="os.version" value="10.0"/>
    <property name="java.runtime.name" value="OpenJDK Runtime Environment"/>
    <property name="file.encoding" value="UTF-8"/>
    <property name="java.vm.name" value="OpenJDK 64-Bit Server VM"/>
    <property name="java.vendor.version" value="Temurin-21.0.5+11"/>
    <property name="localRepository" value="C:\Users\sabin\.m2\repository-egl"/>
    <property name="java.vendor.url.bug" value="https://github.com/adoptium/adoptium-support/issues"/>
    <property name="java.io.tmpdir" value="C:\Users\sabin\AppData\Local\Temp\"/>
    <property name="java.version" value="21.0.5"/>
    <property name="user.dir" value="c:\Users\sabin\Documents\Programacion\Java\spring\todolist-basic"/>
    <property name="os.arch" value="amd64"/>
    <property name="java.vm.specification.name" value="Java Virtual Machine Specification"/>
    <property name="PID" value="13840"/>
    <property name="sun.os.patch.level" value=""/>
    <property name="CONSOLE_LOG_CHARSET" value="UTF-8"/>
    <property name="native.encoding" value="Cp1252"/>
    <property name="java.library.path" value="C:\Program Files\Eclipse Adoptium\jdk-21.0.5.11-hotspot\bin;C:\WINDOWS\Sun\Java\bin;C:\WINDOWS\system32;C:\WINDOWS;C:\Program Files\Eclipse Adoptium\jdk-21.0.5.11-hotspot\bin;C:\Windows\system32;C:\Windows;C:\Windows\System32\Wbem;C:\Windows\System32\WindowsPowerShell\v1.0\;C:\Windows\System32\OpenSSH\;C:\Program Files (x86)\NVIDIA Corporation\PhysX\Common;C:\WINDOWS\system32;C:\WINDOWS;C:\WINDOWS\System32\Wbem;C:\WINDOWS\System32\WindowsPowerShell\v1.0\;C:\WINDOWS\System32\OpenSSH\;C:\Program Files\Git\cmd;C:\ProgramData\chocolatey\bin;C:\Program Files\Docker\Docker\resources\bin;C:\Users\sabin\AppData\Roaming\nvm;C:\Program Files\nodejs;C:\Program Files\Eclipse Adoptium\jdk-21.0.5.11-hotspot\bin;C:\Users\sabin\Documents\Exos\apache-maven-3.9.9-bin\apache-maven-3.9.9\bin;C:\Program Files\dotnet\;C:\Users\sabin\AppData\Local\Programs\Python\Python311\Scripts\;C:\Users\sabin\AppData\Local\Programs\Python\Python311\;C:\Users\sabin\AppData\Local\Microsoft\WindowsApps;C:\Users\sabin\AppData\Local\Programs\Microsoft VS Code\bin;C:\tools\dart-sdk\bin;C:\Users\sabin\AppData\Roaming\Pub\Cache\bin;C:\flutter\bin;C:\Users\sabin\AppData\Local\Programs\Hyper\resources\bin;C:\Users\sabin\AppData\Roaming\npm;C:\Users\sabin\AppData\Roaming\nvm;C:\Program Files\nodejs;C:\Users\sabin\AppData\Local\JetBrains\IntelliJ IDEA Community Edition 2024.1.4\bin;;;."/>
    <property name="java.vm.info" value="mixed mode, sharing"/>
    <property name="stderr.encoding" value="Cp1252"/>
    <property name="java.vendor" value="Eclipse Adoptium"/>
    <property name="java.vm.version" value="21.0.5+11-LTS"/>
    <property name="sun.io.unicode.encoding" value="UnicodeLittle"/>
    <property name="java.class.version" value="65.0"/>
    <property name="LOGGED_APPLICATION_NAME" value="[todolist-basic] "/>
  </properties>
  <testcase name="contextLoads" classname="com.springboot.todolistbasic.todolist_basic.TodolistBasicApplicationTests" time="0.698">
    <system-out><![CDATA[21:30:58.197 [main] INFO org.springframework.test.context.support.AnnotationConfigContextLoaderUtils -- Could not detect default configuration classes for test class [com.springboot.todolistbasic.todolist_basic.TodolistBasicApplicationTests]: TodolistBasicApplicationTests does not declare any static, non-private, non-final, nested classes annotated with @Configuration.
21:30:58.292 [main] INFO org.springframework.boot.test.context.SpringBootTestContextBootstrapper -- Found @SpringBootConfiguration com.springboot.todolistbasic.todolist_basic.TodolistBasicApplication for test class com.springboot.todolistbasic.todolist_basic.TodolistBasicApplicationTests
21:30:58.408 [main] INFO org.springframework.boot.devtools.restart.RestartApplicationListener -- Restart disabled due to context in which it is running

  .   ____          _            __ _ _
 /\\ / ___'_ __ _ _(_)_ __  __ _ \ \ \ \
( ( )\___ | '_ | '_| | '_ \/ _` | \ \ \ \
 \\/  ___)| |_)| | | | | || (_| |  ) ) ) )
  '  |____| .__|_| |_|_| |_\__, | / / / /
 =========|_|==============|___/=/_/_/_/

 :: Spring Boot ::                (v3.3.5)

2024-11-17T21:30:58.664-06:00  INFO 13840 --- [todolist-basic] [           main] c.s.t.t.TodolistBasicApplicationTests    : Starting TodolistBasicApplicationTests using Java 21.0.5 with PID 13840 (started by sabin in c:\Users\sabin\Documents\Programacion\Java\spring\todolist-basic)
2024-11-17T21:30:58.665-06:00  INFO 13840 --- [todolist-basic] [           main] c.s.t.t.TodolistBasicApplicationTests    : No active profile set, falling back to 1 default profile: "default"
2024-11-17T21:30:59.639-06:00  INFO 13840 --- [todolist-basic] [           main] c.s.t.t.TodolistBasicApplicationTests    : Started TodolistBasicApplicationTests in 1.242 seconds (process running for 1.964)
]]></system-out>
    <system-err><![CDATA[WARNING: A Java agent has been loaded dynamically (C:\Users\sabin\.m2\repository-egl\net\bytebuddy\byte-buddy-agent\1.14.19\byte-buddy-agent-1.14.19.jar)
WARNING: If a serviceability tool is in use, please run with -XX:+EnableDynamicAgentLoading to hide this warning
WARNING: If a serviceability tool is not in use, please run with -Djdk.instrument.traceUsage for more information
WARNING: Dynamic loading of agents will be disallowed by default in a future release
]]></system-err>
  </testcase>
</testsuite>